#
# A fatal error has been detected by the Java Runtime Environment:
#
#  EXCEPTION_ACCESS_VIOLATION (0xc0000005) at pc=0x6d166ae0, pid=3260, tid=2904
#
# JRE version: 6.0_20-b02
# Java VM: Java HotSpot(TM) Client VM (16.3-b01 mixed mode windows-x86 )
# Problematic frame:
# C  [awt.dll+0xb6ae0]
#
# If you would like to submit a bug report, please visit:
#   http://java.sun.com/webapps/bugreport/crash.jsp
# The crash happened outside the Java Virtual Machine in native code.
# See problematic frame for where to report the bug.
#

---------------  T H R E A D  ---------------

Current thread (0x0e6b0000):  JavaThread "AWT-Windows" daemon [_thread_in_native, id=2904, stack(0x0eea0000,0x0eef0000)]

siginfo: ExceptionCode=0xc0000005, reading address 0x00000000

Registers:
EAX=0x0eeef5a4, EBX=0x0f401d60, ECX=0x00000220, EDX=0x000000c0
ESP=0x0eeef58c, EBP=0x0eeef738, ESI=0x00000000, EDI=0x000000c0
EIP=0x6d166ae0, EFLAGS=0x00010216

Top of Stack: (sp=0x0eeef58c)
0x0eeef58c:   0eeef5a4 00001000 00000552 0e72f468
0x0eeef59c:   000002c2 00000552 0e72f468 6d15ed0b
0x0eeef5ac:   00000000 0f4a949c 0e72f468 0e72f468
0x0eeef5bc:   0eeef59c 0eeef738 000002c2 00000552
0x0eeef5cc:   0e72f468 6d1626cf 44aa4000 44308000
0x0eeef5dc:   00000552 000002c2 0f4a9488 6d163191
0x0eeef5ec:   6d16362d 00000000 00000015 00000552
0x0eeef5fc:   000002c2 00009824 0e6b0110 00000001 

Instructions: (pc=0x6d166ae0)
0x6d166ad0:   05 00 20 00 00 50 c1 e2 05 8d 44 24 14 50 8b fa
0x6d166ae0:   8b 16 57 c1 e1 05 51 56 ff 52 2c 85 c0 0f 8c 93 


Stack: [0x0eea0000,0x0eef0000],  sp=0x0eeef58c,  free space=13d0eeef0a8k
Native frames: (J=compiled Java code, j=interpreted, Vv=VM code, C=native code)
C  [awt.dll+0xb6ae0]
C  [awt.dll+0x9c6ec]
C  [USER32.dll+0x186ef]
C  [USER32.dll+0x18876]
C  [USER32.dll+0x170f4]
C  [USER32.dll+0x1738f]
C  [ntdll.dll+0x4642e]
C  [USER32.dll+0x192a9]

Java frames: (J=compiled Java code, j=interpreted, Vv=VM code)
j  sun.awt.windows.WToolkit.eventLoop()V+0
j  sun.awt.windows.WToolkit.run()V+77
j  java.lang.Thread.run()V+11
v  ~StubRoutines::call_stub

---------------  P R O C E S S  ---------------

Java Threads: ( => current thread )
  0x0f40c000 JavaThread "RMI TCP Connection(18)-127.0.0.1" daemon [_thread_in_native, id=4684, stack(0x0f810000,0x0f860000)]
  0x0f40e400 JavaThread "TimerQueue" daemon [_thread_blocked, id=4060, stack(0x0f7c0000,0x0f810000)]
  0x0f40d800 JavaThread "D3D Screen Updater" daemon [_thread_blocked, id=2896, stack(0x11560000,0x115b0000)]
  0x0f40d400 JavaThread "SimulationThread" [_thread_blocked, id=2484, stack(0x0eef0000,0x0ef40000)]
  0x0f40cc00 JavaThread "main" [_thread_blocked, id=3272, stack(0x11490000,0x114e0000)]
  0x0f40c800 JavaThread "AWT-EventQueue-0" [_thread_in_native, id=1240, stack(0x11440000,0x11490000)]
  0x0f3ccc00 JavaThread "RMI Reaper" [_thread_blocked, id=908, stack(0x11350000,0x113a0000)]
  0x0f3cc800 JavaThread "RMI TCP Accept-0" daemon [_thread_in_native, id=4076, stack(0x100a0000,0x100f0000)]
  0x0f3f1c00 JavaThread "AWT-Shutdown" [_thread_blocked, id=2836, stack(0x0f160000,0x0f1b0000)]
  0x0e710000 JavaThread "GC Daemon" daemon [_thread_blocked, id=2596, stack(0x0f110000,0x0f160000)]
  0x0e70f800 JavaThread "RMI RenewClean-[127.0.0.1:50614]" daemon [_thread_blocked, id=3184, stack(0x0f0c0000,0x0f110000)]
  0x0e70f000 JavaThread "RMI Scheduler(0)" daemon [_thread_blocked, id=2340, stack(0x0f070000,0x0f0c0000)]
  0x003e9c00 JavaThread "DestroyJavaVM" [_thread_blocked, id=3988, stack(0x00270000,0x002c0000)]
  0x0e6d5c00 JavaThread "BlueJ worker thread" [_thread_blocked, id=848, stack(0x0efc0000,0x0f010000)]
=>0x0e6b0000 JavaThread "AWT-Windows" daemon [_thread_in_native, id=2904, stack(0x0eea0000,0x0eef0000)]
  0x0e6ae800 JavaThread "Java2D Disposer" daemon [_thread_blocked, id=2144, stack(0x0eae0000,0x0eb30000)]
  0x0e586c00 JavaThread "Low Memory Detector" daemon [_thread_blocked, id=4092, stack(0x0ea10000,0x0ea60000)]
  0x0e585800 JavaThread "CompilerThread0" daemon [_thread_blocked, id=1872, stack(0x0e9c0000,0x0ea10000)]
  0x0e57a400 JavaThread "JDWP Command Reader" daemon [_thread_in_native, id=368, stack(0x0e910000,0x0e960000)]
  0x0e579c00 JavaThread "JDWP Event Helper Thread" daemon [_thread_blocked, id=352, stack(0x0e8c0000,0x0e910000)]
  0x0e577000 JavaThread "JDWP Transport Listener: dt_socket" daemon [_thread_blocked, id=688, stack(0x0e870000,0x0e8c0000)]
  0x0e56c000 JavaThread "Attach Listener" daemon [_thread_blocked, id=2360, stack(0x0e820000,0x0e870000)]
  0x0e563400 JavaThread "Signal Dispatcher" daemon [_thread_blocked, id=1628, stack(0x0e7d0000,0x0e820000)]
  0x0e562400 JavaThread "Surrogate Locker Thread (CMS)" daemon [_thread_blocked, id=3408, stack(0x0e780000,0x0e7d0000)]
  0x0e533800 JavaThread "Finalizer" daemon [_thread_blocked, id=2448, stack(0x0e730000,0x0e780000)]
  0x01a2f000 JavaThread "Reference Handler" daemon [_thread_blocked, id=4088, stack(0x0e4e0000,0x0e530000)]

Other Threads:
  0x01a29c00 VMThread [stack: 0x0e490000,0x0e4e0000] [id=600]
  0x0e587c00 WatcherThread [stack: 0x0ea60000,0x0eab0000] [id=3368]

VM state:not at safepoint (normal execution)

VM Mutex/Monitor currently owned by a thread: None

Heap
 par new generation   total 14784K, used 11659K [0x03ad0000, 0x04ad0000, 0x04ad0000)
  eden space 13184K,  88% used [0x03ad0000, 0x0462cf80, 0x047b0000)
  from space 1600K,   1% used [0x04940000, 0x04945e28, 0x04ad0000)
  to   space 1600K,   0% used [0x047b0000, 0x047b0000, 0x04940000)
 concurrent mark-sweep generation total 49152K, used 4032K [0x04ad0000, 0x07ad0000, 0x09ad0000)
 concurrent-mark-sweep perm gen total 23836K, used 14262K [0x09ad0000, 0x0b217000, 0x0dad0000)

Dynamic libraries:
0x00400000 - 0x00424000 	C:\Program Files\Java\jdk1.6.0_20\jre\bin\java.exe
0x77430000 - 0x7756c000 	C:\Windows\SYSTEM32\ntdll.dll
0x77150000 - 0x77224000 	C:\Windows\system32\kernel32.dll
0x75690000 - 0x756da000 	C:\Windows\system32\KERNELBASE.dll
0x77000000 - 0x770a0000 	C:\Windows\system32\ADVAPI32.dll
0x77320000 - 0x773cc000 	C:\Windows\system32\msvcrt.dll
0x75880000 - 0x75899000 	C:\Windows\SYSTEM32\sechost.dll
0x762c0000 - 0x76361000 	C:\Windows\system32\RPCRT4.dll
0x7c340000 - 0x7c396000 	C:\Program Files\Java\jdk1.6.0_20\jre\bin\msvcr71.dll
0x6d8b0000 - 0x6db47000 	C:\Program Files\Java\jdk1.6.0_20\jre\bin\client\jvm.dll
0x75aa0000 - 0x75b69000 	C:\Windows\system32\USER32.dll
0x77240000 - 0x7728e000 	C:\Windows\system32\GDI32.dll
0x77230000 - 0x7723a000 	C:\Windows\system32\LPK.dll
0x76140000 - 0x761dd000 	C:\Windows\system32\USP10.dll
0x70880000 - 0x708b2000 	C:\Windows\system32\WINMM.dll
0x77130000 - 0x7714f000 	C:\Windows\system32\IMM32.DLL
0x761e0000 - 0x762ac000 	C:\Windows\system32\MSCTF.dll
0x754b0000 - 0x754fb000 	C:\Windows\system32\apphelp.dll
0x6d860000 - 0x6d86c000 	C:\Program Files\Java\jdk1.6.0_20\jre\bin\verify.dll
0x6d3e0000 - 0x6d3ff000 	C:\Program Files\Java\jdk1.6.0_20\jre\bin\java.dll
0x6d340000 - 0x6d348000 	C:\Program Files\Java\jdk1.6.0_20\jre\bin\hpi.dll
0x77120000 - 0x77125000 	C:\Windows\system32\PSAPI.DLL
0x6d430000 - 0x6d459000 	C:\Program Files\Java\jdk1.6.0_20\jre\bin\jdwp.dll
0x6d750000 - 0x6d756000 	C:\Program Files\Java\jdk1.6.0_20\jre\bin\npt.dll
0x6d8a0000 - 0x6d8af000 	C:\Program Files\Java\jdk1.6.0_20\jre\bin\zip.dll
0x6d2b0000 - 0x6d2b7000 	C:\Program Files\Java\jdk1.6.0_20\jre\bin\dt_socket.dll
0x76370000 - 0x763a5000 	C:\Windows\system32\WS2_32.dll
0x762b0000 - 0x762b6000 	C:\Windows\system32\NSI.dll
0x74ff0000 - 0x7502c000 	C:\Windows\system32\mswsock.dll
0x74b10000 - 0x74b15000 	C:\Windows\System32\wshtcpip.dll
0x6d0b0000 - 0x6d1fa000 	C:\Program Files\Java\jdk1.6.0_20\jre\bin\awt.dll
0x71ad0000 - 0x71b21000 	C:\Windows\system32\WINSPOOL.DRV
0x75fe0000 - 0x7613c000 	C:\Windows\system32\ole32.dll
0x744d0000 - 0x7466e000 	C:\Windows\WinSxS\x86_microsoft.windows.common-controls_6595b64144ccf1df_6.0.7600.16385_none_421189da2b7fabfc\COMCTL32.dll
0x773d0000 - 0x77427000 	C:\Windows\system32\SHLWAPI.dll
0x74020000 - 0x74033000 	C:\Windows\system32\DWMAPI.DLL
0x74350000 - 0x74390000 	C:\Windows\system32\uxtheme.dll
0x75500000 - 0x7550c000 	C:\Windows\system32\CRYPTBASE.dll
0x75030000 - 0x75046000 	C:\Windows\system32\CRYPTSP.dll
0x74dd0000 - 0x74e0b000 	C:\Windows\system32\rsaenh.dll
0x74be0000 - 0x74bf7000 	C:\Windows\system32\USERENV.dll
0x75580000 - 0x7558b000 	C:\Windows\system32\profapi.dll
0x6d6c0000 - 0x6d6d3000 	C:\Program Files\Java\jdk1.6.0_20\jre\bin\net.dll
0x74fe0000 - 0x74fe6000 	C:\Windows\System32\wship6.dll
0x73ce0000 - 0x73cf0000 	C:\Windows\system32\NLAapi.dll
0x74eb0000 - 0x74ef4000 	C:\Windows\system32\DNSAPI.dll
0x72800000 - 0x72808000 	C:\Windows\System32\winrnr.dll
0x727f0000 - 0x72800000 	C:\Windows\system32\napinsp.dll
0x72760000 - 0x72772000 	C:\Windows\system32\pnrpnsp.dll
0x73770000 - 0x7378c000 	C:\Windows\system32\IPHLPAPI.DLL
0x73760000 - 0x73767000 	C:\Windows\system32\WINNSI.DLL
0x71a00000 - 0x71a06000 	C:\Windows\system32\rasadhlp.dll
0x735b0000 - 0x735e8000 	C:\Windows\System32\fwpuclnt.dll
0x6d7b0000 - 0x6d7b6000 	C:\Program Files\Java\jdk1.6.0_20\jre\bin\rmi.dll
0x763b0000 - 0x76ff9000 	C:\Windows\system32\shell32.dll
0x6d2e0000 - 0x6d334000 	C:\Program Files\Java\jdk1.6.0_20\jre\bin\fontmanager.dll
0x0fbd0000 - 0x0fd93000 	C:\Windows\system32\d3d9.dll
0x74a40000 - 0x74a49000 	C:\Windows\system32\VERSION.dll
0x73d50000 - 0x73d56000 	C:\Windows\system32\d3d8thk.dll
0x6b280000 - 0x6b57d000 	C:\Windows\system32\atiumdag.dll
0x6abf0000 - 0x6aec4000 	C:\Windows\system32\atiumdva.dll
0x6d6e0000 - 0x6d6e9000 	C:\Program Files\Java\jdk1.6.0_20\jre\bin\nio.dll
0x77290000 - 0x7731f000 	C:\Windows\system32\OLEAUT32.DLL
0x6d500000 - 0x6d524000 	C:\Program Files\Java\jdk1.6.0_20\jre\bin\jpeg.dll
0x6d610000 - 0x6d619000 	C:\Program Files\Java\jdk1.6.0_20\jre\bin\management.dll

VM Arguments:
jvm_args: -Xincgc -Dapple.awt.graphics.UseQuartz=true -Xdebug -Xnoagent -Xrunjdwp:transport=dt_socket,server=y 
java_command: bluej.runtime.ExecServer
Launcher Type: SUN_STANDARD

Environment Variables:
PATH=C:\Windows\system32;C:\Windows;C:\Windows\System32\Wbem;C:\Windows\System32\WindowsPowerShell\v1.0\;C:\Program Files\Common Files\Nero\Lib\
USERNAME=iguana
OS=Windows_NT
PROCESSOR_IDENTIFIER=x86 Family 15 Model 104 Stepping 2, AuthenticAMD



---------------  S Y S T E M  ---------------

OS: Windows 7 Build 7600 

CPU:total 2 (2 cores per cpu, 1 threads per core) family 15 model 104 stepping 2, cmov, cx8, fxsr, mmx, sse, sse2, sse3, mmxext, 3dnow, 3dnowext

Memory: 4k page, physical 1830964k(1017008k free), swap 3661928k(2226692k free)

vm_info: Java HotSpot(TM) Client VM (16.3-b01) for windows-x86 JRE (1.6.0_20-b02), built on Apr 12 2010 13:52:23 by "java_re" with MS VC++ 7.1 (VS2003)

time: Sat May 29 16:48:15 2010
elapsed time: 19398 seconds

